[2m2025-07-19-23-04-34[22m [36mhttp[39m: POST /api/auth/register 201 561 - 121.556 ms
[2m2025-07-20-09-27-40[22m [36mhttp[39m: POST /api/auth/login 200 556 - 292.664 ms
[2m2025-07-20-09-29-35[22m [36mhttp[39m: POST /api/auth/login 200 556 - 104.144 ms
[2m2025-07-20-10-12-23[22m [36mhttp[39m: POST /api/auth/refresh 201 530 - 71.178 ms
[2m2025-07-20-10-17-28[22m [36mhttp[39m: POST /api/auth/refresh 201 530 - 46.024 ms
[2m2025-07-20-10-19-00[22m [36mhttp[39m: POST /api/auth/refresh 201 530 - 47.210 ms
[2m2025-07-20-10-19-10[22m [36mhttp[39m: POST /api/auth/refresh 201 530 - 9.298 ms
[2m2025-07-20-10-19-29[22m [36mhttp[39m: POST /api/auth/refresh 201 530 - 45.870 ms
[2m2025-07-20-10-19-34[22m [36mhttp[39m: POST /api/auth/refresh 201 530 - 8.439 ms
[2m2025-07-20-10-20-02[22m [36mhttp[39m: POST /api/auth/refresh 201 530 - 44.465 ms
[2m2025-07-20-10-20-14[22m [36mhttp[39m: POST /api/auth/refresh 201 530 - 46.258 ms
[2m2025-07-20-10-20-33[22m [36mhttp[39m: POST /api/auth/refresh 201 530 - 41.537 ms
[2m2025-07-20-10-20-40[22m [36mhttp[39m: POST /api/auth/refresh 201 530 - 11.012 ms
[2m2025-07-20-10-30-48[22m [36mhttp[39m: POST /api/auth/refresh 201 530 - 43.602 ms
[2m2025-07-20-10-33-01[22m [36mhttp[39m: POST /api/auth/login 200 556 - 124.490 ms
[2m2025-07-20-10-33-15[22m [36mhttp[39m: POST /api/auth/refresh 201 530 - 162.678 ms
[2m2025-07-20-10-33-21[22m [36mhttp[39m: POST /api/auth/refresh 201 530 - 11.471 ms
[2m2025-07-20-10-35-32[22m [36mhttp[39m: POST /api/auth/refresh 201 530 - 47.921 ms
[2m2025-07-20-10-50-08[22m [36mhttp[39m: POST /api/auth/login 200 556 - 118.571 ms
[2m2025-07-20-10-50-15[22m [36mhttp[39m: POST /api/auth/refresh 201 530 - 14.307 ms
[2m2025-07-20-10-51-29[22m [36mhttp[39m: POST /api/auth/refresh 201 530 - 44.245 ms
[2m2025-07-20-10-53-39[22m [36mhttp[39m: POST /api/auth/refresh 201 530 - 45.099 ms
[2m2025-07-20-10-54-32[22m [36mhttp[39m: POST /api/auth/refresh 201 530 - 45.445 ms
[2m2025-07-20-13-42-25[22m [36mhttp[39m: POST /api/auth/login 200 556 - 150.597 ms
[2m2025-07-20-13-47-42[22m [36mhttp[39m: POST /api/auth/refresh 201 530 - 54.774 ms
[2m2025-07-20-13-47-49[22m [36mhttp[39m: POST /api/auth/refresh 201 530 - 9.700 ms
[2m2025-07-20-13-48-07[22m [36mhttp[39m: POST /api/auth/refresh 201 530 - 47.516 ms
[2m2025-07-20-13-48-18[22m [36mhttp[39m: POST /api/auth/refresh 201 530 - 43.971 ms
[2m2025-07-20-13-50-20[22m [36mhttp[39m: POST /api/auth/refresh 201 530 - 45.406 ms
[2m2025-07-20-13-50-35[22m [36mhttp[39m: POST /api/auth/refresh 201 530 - 150.908 ms
[2m2025-07-20-13-52-27[22m [36mhttp[39m: POST /api/auth/refresh 201 530 - 148.119 ms
[2m2025-07-20-13-52-32[22m [36mhttp[39m: POST /api/auth/refresh 201 530 - 10.432 ms
[2m2025-07-20-15-08-31[22m [36mhttp[39m: POST /api/auth/login 400 65 - 205.764 ms
[2m2025-07-20-15-13-47[22m [36mhttp[39m: POST /api/auth/login 400 65 - 178.244 ms
[2m2025-07-20-15-14-02[22m [36mhttp[39m: POST /api/auth/login 404 58 - 87.490 ms
[2m2025-07-20-15-15-51[22m [36mhttp[39m: POST /api/auth/login 404 58 - 63.989 ms
[2m2025-07-20-21-12-05[22m [36mhttp[39m: POST /api/auth/requestOtp 400 77 - 138.171 ms
[2m2025-07-20-21-14-40[22m [36mhttp[39m: POST /api/auth/requestOtp 400 77 - 73.731 ms
[2m2025-07-20-21-15-06[22m [36mhttp[39m: POST /api/auth/requestOtp 400 77 - 92.579 ms
[2m2025-07-20-21-18-42[22m [36mhttp[39m: POST /api/auth/requestOtp 200 139 - 3540.975 ms
[2m2025-07-20-21-21-20[22m [36mhttp[39m: POST /api/auth/requestOtp 500 155 - 157.986 ms
[2m2025-07-20-21-21-47[22m [36mhttp[39m: POST /api/auth/requestOtp 404 57 - 38.103 ms
[2m2025-07-20-21-21-54[22m [36mhttp[39m: POST /api/auth/requestOtp 500 155 - 2.895 ms
[2m2025-07-20-21-23-01[22m [36mhttp[39m: POST /api/auth/requestOtp 500 152 - 21.569 ms
[2m2025-07-20-21-23-27[22m [36mhttp[39m: POST /api/auth/requestOtp 200 139 - 3758.679 ms
[2m2025-07-20-22-05-24[22m [36mhttp[39m: POST /api/auth/register 201 561 - 253.147 ms
[2m2025-07-20-22-05-35[22m [36mhttp[39m: POST /api/auth/refresh 201 530 - 106.082 ms
[2m2025-07-20-22-05-57[22m [36mhttp[39m: POST /api/auth/requestOtp 200 139 - 2900.125 ms
[2m2025-07-21-08-03-33[22m [36mhttp[39m: POST /api/auth/requestOtp 200 139 - 2754.389 ms
[2m2025-07-21-08-05-30[22m [36mhttp[39m: POST /api/auth/requestOtp 200 139 - 3619.605 ms
[2m2025-07-21-08-06-57[22m [36mhttp[39m: POST /api/auth/requestOtp 200 139 - 3478.897 ms
[2m2025-07-21-08-07-40[22m [36mhttp[39m: POST /api/auth/requestOtp 200 139 - 3409.937 ms
[2m2025-07-21-08-08-24[22m [36mhttp[39m: POST /api/auth/requestOtp 200 139 - 4134.414 ms
[2m2025-07-21-08-09-30[22m [36mhttp[39m: POST /api/auth/requestOtp 200 139 - 3853.202 ms
[2m2025-07-21-08-10-28[22m [36mhttp[39m: POST /api/auth/requestOtp 200 139 - 3573.609 ms
[2m2025-07-21-08-10-55[22m [36mhttp[39m: POST /api/auth/requestOtp 200 139 - 4661.002 ms
[2m2025-07-21-08-13-32[22m [36mhttp[39m: POST /api/auth/requestOtp 200 139 - 3560.884 ms
[2m2025-07-21-08-13-50[22m [36mhttp[39m: POST /api/auth/requestOtp 200 139 - 4054.775 ms
[2m2025-07-21-08-15-22[22m [36mhttp[39m: POST /api/auth/requestOtp 429 68 - 1.801 ms
[2m2025-07-21-08-17-03[22m [36mhttp[39m: POST /api/auth/requestOtp 200 139 - 3835.770 ms
[2m2025-07-21-08-19-18[22m [36mhttp[39m: POST /api/auth/requestOtp 200 139 - 3459.866 ms
[2m2025-07-21-08-19-36[22m [36mhttp[39m: POST /api/auth/requestOtp 200 139 - 4600.661 ms
[2m2025-07-21-08-19-56[22m [36mhttp[39m: POST /api/auth/requestOtp 200 139 - 4096.758 ms
[2m2025-07-21-09-15-00[22m [36mhttp[39m: POST /api/auth/requestOtp 200 139 - 2520.341 ms
[2m2025-07-21-09-15-50[22m [36mhttp[39m: POST /api/auth/requestOtp 200 139 - 3063.229 ms
[2m2025-07-21-09-15-55[22m [36mhttp[39m: POST /api/auth/requestOtp 200 139 - 2294.776 ms
[2m2025-07-21-09-16-30[22m [36mhttp[39m: POST /api/auth/requestOtp 200 139 - 2393.529 ms
[2m2025-07-21-09-24-15[22m [36mhttp[39m: POST /api/auth/requestOtp 200 139 - 2660.053 ms
[2m2025-07-21-09-59-59[22m [36mhttp[39m: POST /api/auth/requestOtp 200 139 - 5110.035 ms
[2m2025-07-21-10-11-14[22m [36mhttp[39m: POST /api/auth/requestOtp 200 139 - 10451.487 ms
[2m2025-07-21-10-14-34[22m [36mhttp[39m: POST /api/auth/requestOtp 200 139 - 3122.699 ms
[2m2025-07-21-10-15-19[22m [36mhttp[39m: POST /api/auth/requestOtp 200 139 - 3047.272 ms
[2m2025-07-21-10-15-51[22m [36mhttp[39m: POST /api/auth/requestOtp 200 139 - 3103.732 ms
[2m2025-07-21-10-16-24[22m [36mhttp[39m: POST /api/auth/verifyOtp 400 57 - 150.548 ms
[2m2025-07-21-10-16-56[22m [36mhttp[39m: POST /api/auth/requestOtp 200 139 - 2529.308 ms
[2m2025-07-21-10-17-15[22m [36mhttp[39m: POST /api/auth/verifyOtp 400 57 - 141.281 ms
[2m2025-07-21-10-22-08[22m [36mhttp[39m: POST /api/auth/requestOtp 200 139 - 4049.157 ms
[2m2025-07-21-10-22-32[22m [36mhttp[39m: POST /api/auth/verifyOtp 400 57 - 41.914 ms
[2m2025-07-21-10-31-04[22m [36mhttp[39m: POST /api/auth/requestOtp 500 65 - 54.681 ms
[2m2025-07-21-10-31-32[22m [36mhttp[39m: POST /api/auth/requestOtp 500 64 - 26.143 ms
[2m2025-07-21-10-31-52[22m [36mhttp[39m: POST /api/auth/requestOtp 500 68 - 23.362 ms
[2m2025-07-21-10-32-36[22m [36mhttp[39m: POST /api/auth/requestOtp 500 111 - 26.398 ms
[2m2025-07-21-10-34-36[22m [36mhttp[39m: POST /api/auth/requestOtp 500 111 - 48.251 ms
[2m2025-07-21-10-37-17[22m [36mhttp[39m: POST /api/auth/requestOtp 200 139 - 2560.759 ms
[2m2025-07-21-10-37-37[22m [36mhttp[39m: POST /api/auth/verifyOtp 200 262 - 47.197 ms
[2m2025-07-21-11-14-18[22m [36mhttp[39m: POST /api/auth/requestOtp 200 139 - 3292.163 ms
[2m2025-07-21-11-17-28[22m [36mhttp[39m: POST /api/auth/requestOtp 200 139 - 2407.399 ms
[2m2025-07-21-11-19-31[22m [36mhttp[39m: POST /api/auth/requestOtp 200 139 - 2620.599 ms
[2m2025-07-21-11-19-36[22m [36mhttp[39m: POST /api/auth/requestOtp 200 139 - 2359.383 ms
[2m2025-07-21-11-19-41[22m [36mhttp[39m: POST /api/auth/requestOtp 200 139 - 2434.781 ms
[2m2025-07-21-11-19-45[22m [36mhttp[39m: POST /api/auth/requestOtp 200 139 - 2370.232 ms
[2m2025-07-21-11-19-51[22m [36mhttp[39m: POST /api/auth/requestOtp 200 139 - 3217.592 ms
[2m2025-07-21-11-19-57[22m [36mhttp[39m: POST /api/auth/requestOtp 200 139 - 3104.155 ms
[2m2025-07-21-11-20-05[22m [36mhttp[39m: POST /api/auth/requestOtp 200 139 - 3051.221 ms
[2m2025-07-21-11-20-10[22m [36mhttp[39m: POST /api/auth/requestOtp 200 139 - 2358.377 ms
[2m2025-07-21-11-20-13[22m [36mhttp[39m: POST /api/auth/requestOtp 429 70 - 0.888 ms
[2m2025-07-21-11-20-48[22m [36mhttp[39m: POST /api/auth/requestOtp 429 70 - 1.142 ms
[2m2025-07-21-11-26-53[22m [36mhttp[39m: POST /api/auth/requestOtp 429 70 - 0.925 ms
[2m2025-07-21-11-27-09[22m [36mhttp[39m: POST /api/auth/requestOtp 429 70 - 2.024 ms
[2m2025-07-21-11-27-30[22m [36mhttp[39m: POST /api/auth/requestOtp 200 139 - 2482.058 ms
[2m2025-07-21-11-29-48[22m [36mhttp[39m: POST /api/auth/verifyOtp 200 262 - 54.505 ms
[2m2025-07-21-13-35-34[22m [36mhttp[39m: POST /api/auth/requestOtp 200 139 - 3934.551 ms
[2m2025-07-21-13-35-47[22m [36mhttp[39m: POST /api/auth/verifyOtp 200 262 - 48.208 ms
[2m2025-07-21-13-40-57[22m [36mhttp[39m: POST /api/auth/requestOtp 200 139 - 3580.880 ms
[2m2025-07-21-13-41-08[22m [36mhttp[39m: POST /api/auth/verifyOtp 200 262 - 39.677 ms
[2m2025-07-21-13-41-55[22m [36mhttp[39m: POST /api/auth/changePsw 200 68 - 104.669 ms
[2m2025-07-21-13-42-18[22m [36mhttp[39m: POST /api/auth/login 200 556 - 104.105 ms
[2m2025-07-21-15-21-05[22m [36mhttp[39m: POST /api/auth/refresh 201 530 - 98.007 ms
[2m2025-07-21-15-21-11[22m [36mhttp[39m: POST /api/auth/refresh 201 530 - 14.563 ms
[2m2025-07-21-15-21-44[22m [36mhttp[39m: POST /api/auth/refresh 201 530 - 162.012 ms
[2m2025-07-21-15-31-02[22m [36mhttp[39m: POST /api/auth/refresh 201 530 - 47.000 ms
[2m2025-07-21-15-32-00[22m [36mhttp[39m: POST /api/auth/login 200 556 - 128.084 ms
[2m2025-07-21-15-32-10[22m [36mhttp[39m: POST /api/auth/refresh 201 530 - 46.348 ms
[2m2025-07-21-15-34-28[22m [36mhttp[39m: POST /api/auth/refresh 201 530 - 50.683 ms
[2m2025-07-21-15-43-21[22m [36mhttp[39m: POST /api/auth/requestOtp 200 139 - 3947.675 ms
[2m2025-07-21-15-43-38[22m [36mhttp[39m: POST /api/auth/verifyOtp 200 262 - 50.934 ms
[2m2025-07-21-15-45-11[22m [36mhttp[39m: POST /api/auth/login 200 556 - 108.549 ms
[2m2025-07-22-09-32-16[22m [36mhttp[39m: POST /api/auth/login 200 556 - 143.193 ms
[2m2025-07-22-09-34-55[22m [36mhttp[39m: POST /api/auth/refresh 201 530 - 159.252 ms
[2m2025-07-22-09-35-19[22m [36mhttp[39m: POST /api/auth/refresh 201 530 - 44.151 ms
[2m2025-07-22-09-37-14[22m [36mhttp[39m: POST /api/auth/refresh 201 530 - 47.050 ms
[2m2025-07-22-10-07-22[22m [36mhttp[39m: POST /api/auth/refresh 400 67 - 1.887 ms
[2m2025-07-22-10-08-08[22m [36mhttp[39m: POST /api/auth/refresh 400 67 - 4.938 ms
[2m2025-07-22-10-13-29[22m [36mhttp[39m: POST /api/auth/login 200 556 - 120.764 ms
[2m2025-07-22-10-14-01[22m [36mhttp[39m: POST /api/auth/refresh 201 530 - 48.065 ms
[2m2025-07-22-13-39-55[22m [36mhttp[39m: POST /api/auth/login 200 556 - 155.399 ms
[2m2025-07-22-13-40-48[22m [36mhttp[39m: POST /api/auth/refresh 201 530 - 57.334 ms
[2m2025-07-22-13-41-09[22m [36mhttp[39m: POST /api/auth/refresh 201 530 - 53.608 ms
[2m2025-07-22-13-44-00[22m [36mhttp[39m: POST /api/auth/refresh 201 530 - 53.168 ms
[2m2025-07-22-13-52-25[22m [36mhttp[39m: POST /api/auth/refresh 201 530 - 54.589 ms
[2m2025-07-22-13-53-44[22m [36mhttp[39m: POST /api/auth/refresh 201 530 - 51.694 ms
[2m2025-07-22-13-55-52[22m [36mhttp[39m: GET /api/user/info 200 85 - 39.853 ms
[2m2025-07-22-13-56-17[22m [36mhttp[39m: GET /api/user/info 200 85 - 38.089 ms
[2m2025-07-22-13-56-19[22m [36mhttp[39m: GET /api/user/info 200 85 - 1.964 ms
[2m2025-07-22-13-56-21[22m [36mhttp[39m: GET /api/user/info 200 85 - 1.743 ms
[2m2025-07-22-18-33-26[22m [36mhttp[39m: POST /api/auth/login 200 556 - 116.997 ms
[2m2025-07-22-18-34-58[22m [36mhttp[39m: POST /api/auth/refresh 201 530 - 43.490 ms
[2m2025-07-22-18-36-02[22m [36mhttp[39m: POST /api/auth/refresh 201 530 - 43.924 ms
[2m2025-07-22-18-36-04[22m [36mhttp[39m: GET /api/user/info 200 85 - 2.080 ms
[2m2025-07-22-18-36-08[22m [36mhttp[39m: GET /api/user/info 200 85 - 1.612 ms
[2m2025-07-22-18-40-43[22m [36mhttp[39m: GET /api/user/info 200 85 - 38.684 ms
[2m2025-07-22-18-40-45[22m [36mhttp[39m: GET /api/user/info 200 85 - 1.565 ms
[2m2025-07-22-18-40-46[22m [36mhttp[39m: GET /api/user/info 200 85 - 1.627 ms
[2m2025-07-22-18-48-13[22m [36mhttp[39m: POST /api/auth/refresh 201 530 - 44.971 ms
[2m2025-07-22-18-48-14[22m [36mhttp[39m: GET /api/user/info 200 85 - 1.780 ms
[2m2025-07-22-18-48-44[22m [36mhttp[39m: GET /api/user/info 200 85 - 37.222 ms
[2m2025-07-22-20-34-59[22m [36mhttp[39m: POST /api/auth/login 200 556 - 177.787 ms
[2m2025-07-22-20-35-01[22m [36mhttp[39m: GET /api/user/info 200 85 - 7.981 ms
[2m2025-07-22-20-50-32[22m [36mhttp[39m: POST /api/auth/refresh 201 530 - 135.939 ms
[2m2025-07-22-20-50-35[22m [36mhttp[39m: GET /api/user/info 200 85 - 3.028 ms
[2m2025-07-22-20-51-01[22m [36mhttp[39m: POST /api/auth/refresh 201 530 - 93.934 ms
[2m2025-07-22-20-51-04[22m [36mhttp[39m: GET /api/user/info 200 85 - 4.768 ms
[2m2025-07-22-21-15-07[22m [36mhttp[39m: POST /api/auth/login 200 556 - 126.182 ms
[2m2025-07-22-21-15-09[22m [36mhttp[39m: GET /api/user/info 200 85 - 1.734 ms
[2m2025-07-22-21-26-03[22m [36mhttp[39m: POST /api/auth/refresh 201 530 - 47.616 ms
[2m2025-07-22-21-26-06[22m [36mhttp[39m: GET /api/user/info 200 85 - 1.770 ms
[2m2025-07-22-22-53-43[22m [36mhttp[39m: POST /api/auth/login 200 556 - 161.933 ms
[2m2025-07-22-22-53-45[22m [36mhttp[39m: GET /api/user/info 200 85 - 3.870 ms
[2m2025-07-22-22-54-10[22m [36mhttp[39m: POST /api/author/sendOtp 400 61 - 2.565 ms
[2m2025-07-22-22-54-53[22m [36mhttp[39m: POST /api/author/sendOtp 500 57 - 14.991 ms
[2m2025-07-22-22-55-17[22m [36mhttp[39m: POST /api/author/sendOtp 500 57 - 2.666 ms
[2m2025-07-22-22-57-22[22m [36mhttp[39m: POST /api/author/sendOtp 500 64 - 16.848 ms
[2m2025-07-22-22-57-42[22m [36mhttp[39m: POST /api/author/sendOtp 500 64 - 14.456 ms
[2m2025-07-22-22-58-29[22m [36mhttp[39m: POST /api/author/sendOtp 500 64 - 13.652 ms
[2m2025-07-22-22-59-01[22m [36mhttp[39m: POST /api/author/sendOtp 500 155 - 15.268 ms
[2m2025-07-22-23-00-23[22m [36mhttp[39m: POST /api/author/sendOtp 200 70 - 3160.118 ms
[2m2025-07-22-23-03-03[22m [36mhttp[39m: POST /api/auth/refresh 201 530 - 76.108 ms
[2m2025-07-22-23-04-41[22m [36mhttp[39m: GET /api/user/info 200 85 - 43.919 ms
[2m2025-07-22-23-07-52[22m [36mhttp[39m: POST /api/author/sendOtp 400 66 - 3.232 ms
[2m2025-07-22-23-08-02[22m [36mhttp[39m: POST /api/author/sendOtp 200 70 - 3264.941 ms
[2m2025-07-23-08-21-28[22m [36mhttp[39m: POST /api/auth/login 200 556 - 235.200 ms
[2m2025-07-23-08-21-29[22m [36mhttp[39m: GET /api/user/info 200 85 - 35.185 ms
[2m2025-07-23-08-21-36[22m [36mhttp[39m: POST /api/author/sendOtp 400 66 - 10.856 ms
[2m2025-07-23-08-23-31[22m [36mhttp[39m: POST /api/author/sendOtp 200 70 - 4171.927 ms
[2m2025-07-23-08-50-36[22m [36mhttp[39m: POST /api/auth/refresh 201 530 - 103.646 ms
[2m2025-07-23-08-50-41[22m [36mhttp[39m: POST /api/author/sendOtp 200 70 - 5012.505 ms
[2m2025-07-23-08-52-08[22m [36mhttp[39m: POST /api/author/sendOtp 200 70 - 6855.962 ms
[2m2025-07-23-08-53-05[22m [36mhttp[39m: POST /api/author/sendOtp 200 70 - 3639.753 ms
[2m2025-07-23-08-53-26[22m [36mhttp[39m: POST /api/author/sendOtp 200 70 - 16300.816 ms
[2m2025-07-23-08-53-35[22m [36mhttp[39m: POST /api/author/sendOtp 200 70 - 3972.438 ms
[2m2025-07-23-08-54-07[22m [36mhttp[39m: POST /api/author/sendOtp 200 70 - 4060.490 ms
[2m2025-07-23-08-54-20[22m [36mhttp[39m: POST /api/author/sendOtp 200 70 - 3578.133 ms
[2m2025-07-23-08-54-28[22m [36mhttp[39m: POST /api/author/sendOtp 200 70 - 4168.644 ms
[2m2025-07-23-08-54-42[22m [36mhttp[39m: POST /api/author/sendOtp 200 70 - 3537.601 ms
[2m2025-07-23-08-54-55[22m [36mhttp[39m: POST /api/author/sendOtp 200 70 - 5948.613 ms
[2m2025-07-23-08-55-07[22m [36mhttp[39m: POST /api/author/sendOtp 200 70 - 6531.393 ms
[2m2025-07-23-08-55-17[22m [36mhttp[39m: POST /api/author/sendOtp 200 70 - 5081.973 ms
[2m2025-07-23-08-55-24[22m [36mhttp[39m: POST /api/author/sendOtp 429 69 - 1.610 ms
[2m2025-07-23-08-57-07[22m [36mhttp[39m: POST /api/author/sendOtp 429 69 - 1.562 ms
[2m2025-07-23-10-35-24[22m [36mhttp[39m: POST /api/auth/login 200 556 - 218.787 ms
[2m2025-07-23-10-35-26[22m [36mhttp[39m: GET /api/user/info 200 85 - 7.376 ms
[2m2025-07-23-10-35-38[22m [36mhttp[39m: POST /api/author/sendOtp 200 70 - 3185.430 ms
[2m2025-07-23-10-35-53[22m [36mhttp[39m: POST /api/author/sendOtp 200 70 - 3408.371 ms
[2m2025-07-23-10-44-04[22m [36mhttp[39m: POST /api/author/sendOtp 200 70 - 2626.183 ms
[2m2025-07-23-10-44-37[22m [36mhttp[39m: POST /api/author/verifyOtp 404 73 - 73.595 ms
[2m2025-07-23-10-45-42[22m [36mhttp[39m: POST /api/auth/refresh 201 530 - 212.794 ms
[2m2025-07-23-10-45-45[22m [36mhttp[39m: POST /api/author/sendOtp 200 70 - 2512.970 ms
[2m2025-07-23-10-46-16[22m [36mhttp[39m: POST /api/author/verifyOtp 404 73 - 55.043 ms
[2m2025-07-23-10-47-35[22m [36mhttp[39m: POST /api/author/sendOtp 200 70 - 2487.236 ms
[2m2025-07-23-10-47-56[22m [36mhttp[39m: POST /api/author/verifyOtp 404 73 - 59.596 ms
[2m2025-07-23-10-48-49[22m [36mhttp[39m: POST /api/author/verifyOtp 404 73 - 80.439 ms
[2m2025-07-23-10-50-38[22m [36mhttp[39m: POST /api/author/sendOtp 200 70 - 3261.735 ms
[2m2025-07-23-10-50-49[22m [36mhttp[39m: POST /api/author/verifyOtp 500 91 - 103.024 ms
[2m2025-07-23-10-57-01[22m [36mhttp[39m: POST /api/auth/refresh 201 530 - 113.468 ms
[2m2025-07-23-10-57-04[22m [36mhttp[39m: POST /api/author/sendOtp 200 70 - 2636.380 ms
[2m2025-07-23-10-57-19[22m [36mhttp[39m: POST /api/author/verifyOtp 404 59 - 61.209 ms
[2m2025-07-23-10-57-32[22m [36mhttp[39m: POST /api/author/verifyOtp 500 63 - 117.415 ms
[2m2025-07-23-10-58-29[22m [36mhttp[39m: POST /api/author/sendOtp 200 70 - 3057.895 ms
[2m2025-07-23-10-58-42[22m [36mhttp[39m: POST /api/author/verifyOtp 500 63 - 103.148 ms
[2m2025-07-23-10-59-52[22m [36mhttp[39m: POST /api/author/sendOtp 200 70 - 2580.193 ms
[2m2025-07-23-11-00-04[22m [36mhttp[39m: POST /api/author/verifyOtp 500 63 - 103.340 ms
[2m2025-07-23-11-02-19[22m [36mhttp[39m: POST /api/author/sendOtp 200 70 - 2589.401 ms
[2m2025-07-23-11-02-51[22m [36mhttp[39m: POST /api/author/verifyOtp 500 66 - 89.569 ms
[2m2025-07-23-11-03-16[22m [36mhttp[39m: POST /api/author/sendOtp 200 70 - 2634.273 ms
[2m2025-07-23-11-03-44[22m [36mhttp[39m: POST /api/author/verifyOtp 404 59 - 61.461 ms
[2m2025-07-23-11-03-56[22m [36mhttp[39m: POST /api/author/sendOtp 200 70 - 3416.977 ms
[2m2025-07-23-11-04-54[22m [36mhttp[39m: POST /api/auth/refresh 201 530 - 55.579 ms
[2m2025-07-23-11-04-56[22m [36mhttp[39m: GET /api/user/info 200 85 - 2.442 ms
[2m2025-07-23-11-05-04[22m [36mhttp[39m: POST /api/author/sendOtp 200 70 - 2411.323 ms
[2m2025-07-23-11-05-17[22m [36mhttp[39m: POST /api/author/sendOtp 200 70 - 3031.319 ms
[2m2025-07-23-11-05-54[22m [36mhttp[39m: POST /api/author/verifyOtp 500 63 - 47.376 ms
[2m2025-07-23-11-06-24[22m [36mhttp[39m: POST /api/author/sendOtp 200 70 - 2643.759 ms
[2m2025-07-23-11-07-36[22m [36mhttp[39m: POST /api/author/sendOtp 200 70 - 2427.637 ms
[2m2025-07-23-12-15-19[22m [36mhttp[39m: POST /api/auth/refresh 201 530 - 77.332 ms
[2m2025-07-23-12-15-30[22m [36mhttp[39m: GET /api/user/info 200 85 - 41.501 ms
[2m2025-07-23-12-15-43[22m [36mhttp[39m: POST /api/author/sendOtp 200 70 - 4628.337 ms
[2m2025-07-23-12-15-59[22m [36mhttp[39m: POST /api/author/verifyOtp 200 570 - 101.466 ms
